{"D:\\SoftwareDevelopment\\BlogList\\app.js": {"path":"D:\\SoftwareDevelopment\\BlogList\\app.js","statementMap":{"0":{"start":{"line":1,"column":15},"end":{"line":1,"column":40}},"1":{"start":{"line":2,"column":16},"end":{"line":2,"column":34}},"2":{"start":{"line":3,"column":19},"end":{"line":3,"column":41}},"3":{"start":{"line":4,"column":12},"end":{"line":4,"column":21}},"4":{"start":{"line":5,"column":13},"end":{"line":5,"column":28}},"5":{"start":{"line":6,"column":20},"end":{"line":6,"column":50}},"6":{"start":{"line":7,"column":20},"end":{"line":7,"column":50}},"7":{"start":{"line":8,"column":20},"end":{"line":8,"column":50}},"8":{"start":{"line":9,"column":19},"end":{"line":9,"column":48}},"9":{"start":{"line":10,"column":17},"end":{"line":10,"column":36}},"10":{"start":{"line":11,"column":15},"end":{"line":11,"column":40}},"11":{"start":{"line":13,"column":0},"end":{"line":13,"column":50}},"12":{"start":{"line":15,"column":0},"end":{"line":19,"column":69}},"13":{"start":{"line":17,"column":8},"end":{"line":17,"column":43}},"14":{"start":{"line":19,"column":8},"end":{"line":19,"column":67}},"15":{"start":{"line":21,"column":0},"end":{"line":21,"column":16}},"16":{"start":{"line":22,"column":0},"end":{"line":22,"column":27}},"17":{"start":{"line":23,"column":0},"end":{"line":23,"column":34}},"18":{"start":{"line":24,"column":0},"end":{"line":24,"column":35}},"19":{"start":{"line":25,"column":0},"end":{"line":25,"column":35}},"20":{"start":{"line":26,"column":0},"end":{"line":26,"column":35}},"21":{"start":{"line":27,"column":0},"end":{"line":27,"column":36}},"22":{"start":{"line":28,"column":0},"end":{"line":28,"column":33}},"23":{"start":{"line":30,"column":0},"end":{"line":30,"column":21}}},"fnMap":{"0":{"name":"(anonymous_0)","decl":{"start":{"line":16,"column":10},"end":{"line":16,"column":11}},"loc":{"start":{"line":17,"column":8},"end":{"line":17,"column":43}},"line":17},"1":{"name":"(anonymous_1)","decl":{"start":{"line":18,"column":11},"end":{"line":18,"column":12}},"loc":{"start":{"line":19,"column":8},"end":{"line":19,"column":67}},"line":19}},"branchMap":{},"s":{"0":1,"1":1,"2":1,"3":1,"4":1,"5":1,"6":1,"7":1,"8":1,"9":1,"10":1,"11":1,"12":1,"13":1,"14":0,"15":1,"16":1,"17":1,"18":1,"19":1,"20":1,"21":1,"22":1,"23":1},"f":{"0":1,"1":0},"b":{},"_coverageSchema":"43e27e138ebf9cfc5966b082cf9a028302ed4184","hash":"8fcea6afdc21efbcce0e5a627e5f48369f0c2d7c"}
,"D:\\SoftwareDevelopment\\BlogList\\controllers\\blogs.js": {"path":"D:\\SoftwareDevelopment\\BlogList\\controllers\\blogs.js","statementMap":{"0":{"start":{"line":1,"column":20},"end":{"line":1,"column":47}},"1":{"start":{"line":2,"column":13},"end":{"line":2,"column":38}},"2":{"start":{"line":3,"column":13},"end":{"line":3,"column":38}},"3":{"start":{"line":4,"column":12},"end":{"line":4,"column":35}},"4":{"start":{"line":6,"column":21},"end":{"line":12,"column":1}},"5":{"start":{"line":7,"column":26},"end":{"line":7,"column":54}},"6":{"start":{"line":8,"column":4},"end":{"line":10,"column":5}},"7":{"start":{"line":9,"column":8},"end":{"line":9,"column":42}},"8":{"start":{"line":11,"column":4},"end":{"line":11,"column":16}},"9":{"start":{"line":14,"column":0},"end":{"line":19,"column":3}},"10":{"start":{"line":15,"column":18},"end":{"line":17,"column":58}},"11":{"start":{"line":18,"column":4},"end":{"line":18,"column":47}},"12":{"start":{"line":18,"column":31},"end":{"line":18,"column":44}},"13":{"start":{"line":21,"column":0},"end":{"line":49,"column":3}},"14":{"start":{"line":22,"column":17},"end":{"line":22,"column":25}},"15":{"start":{"line":24,"column":18},"end":{"line":24,"column":35}},"16":{"start":{"line":26,"column":4},"end":{"line":48,"column":5}},"17":{"start":{"line":27,"column":29},"end":{"line":27,"column":66}},"18":{"start":{"line":28,"column":8},"end":{"line":30,"column":9}},"19":{"start":{"line":29,"column":12},"end":{"line":29,"column":79}},"20":{"start":{"line":32,"column":21},"end":{"line":32,"column":57}},"21":{"start":{"line":34,"column":21},"end":{"line":40,"column":10}},"22":{"start":{"line":42,"column":26},"end":{"line":42,"column":43}},"23":{"start":{"line":43,"column":8},"end":{"line":43,"column":54}},"24":{"start":{"line":44,"column":8},"end":{"line":44,"column":26}},"25":{"start":{"line":45,"column":8},"end":{"line":45,"column":37}},"26":{"start":{"line":47,"column":8},"end":{"line":47,"column":24}},"27":{"start":{"line":51,"column":0},"end":{"line":58,"column":3}},"28":{"start":{"line":52,"column":4},"end":{"line":57,"column":5}},"29":{"start":{"line":53,"column":8},"end":{"line":53,"column":52}},"30":{"start":{"line":54,"column":8},"end":{"line":54,"column":30}},"31":{"start":{"line":56,"column":8},"end":{"line":56,"column":24}},"32":{"start":{"line":60,"column":0},"end":{"line":76,"column":3}},"33":{"start":{"line":61,"column":17},"end":{"line":61,"column":25}},"34":{"start":{"line":63,"column":17},"end":{"line":68,"column":5}},"35":{"start":{"line":70,"column":4},"end":{"line":75,"column":5}},"36":{"start":{"line":71,"column":28},"end":{"line":71,"column":92}},"37":{"start":{"line":72,"column":8},"end":{"line":72,"column":39}},"38":{"start":{"line":74,"column":8},"end":{"line":74,"column":24}},"39":{"start":{"line":78,"column":0},"end":{"line":78,"column":29}}},"fnMap":{"0":{"name":"(anonymous_0)","decl":{"start":{"line":6,"column":21},"end":{"line":6,"column":22}},"loc":{"start":{"line":6,"column":32},"end":{"line":12,"column":1}},"line":6},"1":{"name":"(anonymous_1)","decl":{"start":{"line":14,"column":21},"end":{"line":14,"column":22}},"loc":{"start":{"line":14,"column":41},"end":{"line":19,"column":1}},"line":14},"2":{"name":"(anonymous_2)","decl":{"start":{"line":18,"column":23},"end":{"line":18,"column":24}},"loc":{"start":{"line":18,"column":31},"end":{"line":18,"column":44}},"line":18},"3":{"name":"(anonymous_3)","decl":{"start":{"line":21,"column":22},"end":{"line":21,"column":23}},"loc":{"start":{"line":21,"column":48},"end":{"line":49,"column":1}},"line":21},"4":{"name":"(anonymous_4)","decl":{"start":{"line":51,"column":27},"end":{"line":51,"column":28}},"loc":{"start":{"line":51,"column":53},"end":{"line":58,"column":1}},"line":51},"5":{"name":"(anonymous_5)","decl":{"start":{"line":60,"column":24},"end":{"line":60,"column":25}},"loc":{"start":{"line":60,"column":50},"end":{"line":76,"column":1}},"line":60}},"branchMap":{"0":{"loc":{"start":{"line":8,"column":4},"end":{"line":10,"column":5}},"type":"if","locations":[{"start":{"line":8,"column":4},"end":{"line":10,"column":5}},{"start":{"line":8,"column":4},"end":{"line":10,"column":5}}],"line":8},"1":{"loc":{"start":{"line":8,"column":8},"end":{"line":8,"column":74}},"type":"binary-expr","locations":[{"start":{"line":8,"column":8},"end":{"line":8,"column":21}},{"start":{"line":8,"column":25},"end":{"line":8,"column":74}}],"line":8},"2":{"loc":{"start":{"line":28,"column":8},"end":{"line":30,"column":9}},"type":"if","locations":[{"start":{"line":28,"column":8},"end":{"line":30,"column":9}},{"start":{"line":28,"column":8},"end":{"line":30,"column":9}}],"line":28},"3":{"loc":{"start":{"line":28,"column":12},"end":{"line":28,"column":38}},"type":"binary-expr","locations":[{"start":{"line":28,"column":12},"end":{"line":28,"column":18}},{"start":{"line":28,"column":22},"end":{"line":28,"column":38}}],"line":28},"4":{"loc":{"start":{"line":38,"column":19},"end":{"line":38,"column":60}},"type":"cond-expr","locations":[{"start":{"line":38,"column":46},"end":{"line":38,"column":47}},{"start":{"line":38,"column":50},"end":{"line":38,"column":60}}],"line":38},"5":{"loc":{"start":{"line":67,"column":15},"end":{"line":67,"column":56}},"type":"cond-expr","locations":[{"start":{"line":67,"column":42},"end":{"line":67,"column":43}},{"start":{"line":67,"column":46},"end":{"line":67,"column":56}}],"line":67}},"s":{"0":1,"1":1,"2":1,"3":1,"4":1,"5":0,"6":0,"7":0,"8":0,"9":1,"10":2,"11":2,"12":4,"13":1,"14":0,"15":0,"16":0,"17":0,"18":0,"19":0,"20":0,"21":0,"22":0,"23":0,"24":0,"25":0,"26":0,"27":1,"28":1,"29":1,"30":1,"31":0,"32":1,"33":1,"34":1,"35":1,"36":1,"37":1,"38":0,"39":1},"f":{"0":0,"1":2,"2":4,"3":0,"4":1,"5":1},"b":{"0":[0,0],"1":[0,0],"2":[0,0],"3":[0,0],"4":[0,0],"5":[0,1]},"_coverageSchema":"43e27e138ebf9cfc5966b082cf9a028302ed4184","hash":"1435916594ecc54c73912c49242bce0a4ecfc3c6"}
,"D:\\SoftwareDevelopment\\BlogList\\controllers\\login.js": {"path":"D:\\SoftwareDevelopment\\BlogList\\controllers\\login.js","statementMap":{"0":{"start":{"line":1,"column":12},"end":{"line":1,"column":35}},"1":{"start":{"line":2,"column":15},"end":{"line":2,"column":32}},"2":{"start":{"line":3,"column":20},"end":{"line":3,"column":47}},"3":{"start":{"line":4,"column":13},"end":{"line":4,"column":38}},"4":{"start":{"line":6,"column":0},"end":{"line":30,"column":3}},"5":{"start":{"line":7,"column":17},"end":{"line":7,"column":25}},"6":{"start":{"line":9,"column":17},"end":{"line":9,"column":64}},"7":{"start":{"line":10,"column":28},"end":{"line":12,"column":64}},"8":{"start":{"line":14,"column":4},"end":{"line":18,"column":5}},"9":{"start":{"line":15,"column":8},"end":{"line":17,"column":11}},"10":{"start":{"line":20,"column":25},"end":{"line":23,"column":5}},"11":{"start":{"line":25,"column":18},"end":{"line":25,"column":60}},"12":{"start":{"line":27,"column":4},"end":{"line":29,"column":67}},"13":{"start":{"line":32,"column":0},"end":{"line":32,"column":29}}},"fnMap":{"0":{"name":"(anonymous_0)","decl":{"start":{"line":6,"column":22},"end":{"line":6,"column":23}},"loc":{"start":{"line":6,"column":42},"end":{"line":30,"column":1}},"line":6}},"branchMap":{"0":{"loc":{"start":{"line":10,"column":28},"end":{"line":12,"column":64}},"type":"cond-expr","locations":[{"start":{"line":11,"column":10},"end":{"line":11,"column":15}},{"start":{"line":12,"column":10},"end":{"line":12,"column":64}}],"line":10},"1":{"loc":{"start":{"line":14,"column":4},"end":{"line":18,"column":5}},"type":"if","locations":[{"start":{"line":14,"column":4},"end":{"line":18,"column":5}},{"start":{"line":14,"column":4},"end":{"line":18,"column":5}}],"line":14},"2":{"loc":{"start":{"line":14,"column":10},"end":{"line":14,"column":33}},"type":"binary-expr","locations":[{"start":{"line":14,"column":10},"end":{"line":14,"column":14}},{"start":{"line":14,"column":18},"end":{"line":14,"column":33}}],"line":14}},"s":{"0":1,"1":1,"2":1,"3":1,"4":1,"5":0,"6":0,"7":0,"8":0,"9":0,"10":0,"11":0,"12":0,"13":1},"f":{"0":0},"b":{"0":[0,0],"1":[0,0],"2":[0,0]},"_coverageSchema":"43e27e138ebf9cfc5966b082cf9a028302ed4184","hash":"cd74e59a2991c11aa20a96ab4267fe76b9968baa"}
,"D:\\SoftwareDevelopment\\BlogList\\controllers\\users.js": {"path":"D:\\SoftwareDevelopment\\BlogList\\controllers\\users.js","statementMap":{"0":{"start":{"line":1,"column":15},"end":{"line":1,"column":32}},"1":{"start":{"line":2,"column":20},"end":{"line":2,"column":47}},"2":{"start":{"line":3,"column":13},"end":{"line":3,"column":38}},"3":{"start":{"line":5,"column":0},"end":{"line":24,"column":3}},"4":{"start":{"line":6,"column":4},"end":{"line":23,"column":5}},"5":{"start":{"line":7,"column":21},"end":{"line":7,"column":29}},"6":{"start":{"line":9,"column":27},"end":{"line":9,"column":29}},"7":{"start":{"line":10,"column":29},"end":{"line":10,"column":73}},"8":{"start":{"line":12,"column":21},"end":{"line":16,"column":10}},"9":{"start":{"line":18,"column":26},"end":{"line":18,"column":43}},"10":{"start":{"line":20,"column":8},"end":{"line":20,"column":28}},"11":{"start":{"line":22,"column":8},"end":{"line":22,"column":24}},"12":{"start":{"line":26,"column":0},"end":{"line":31,"column":3}},"13":{"start":{"line":27,"column":18},"end":{"line":29,"column":63}},"14":{"start":{"line":30,"column":4},"end":{"line":30,"column":41}},"15":{"start":{"line":30,"column":28},"end":{"line":30,"column":38}},"16":{"start":{"line":33,"column":0},"end":{"line":33,"column":29}}},"fnMap":{"0":{"name":"(anonymous_0)","decl":{"start":{"line":5,"column":22},"end":{"line":5,"column":23}},"loc":{"start":{"line":5,"column":48},"end":{"line":24,"column":1}},"line":5},"1":{"name":"(anonymous_1)","decl":{"start":{"line":26,"column":21},"end":{"line":26,"column":22}},"loc":{"start":{"line":26,"column":41},"end":{"line":31,"column":1}},"line":26},"2":{"name":"(anonymous_2)","decl":{"start":{"line":30,"column":23},"end":{"line":30,"column":24}},"loc":{"start":{"line":30,"column":28},"end":{"line":30,"column":38}},"line":30}},"branchMap":{},"s":{"0":1,"1":1,"2":1,"3":1,"4":2,"5":2,"6":2,"7":2,"8":2,"9":2,"10":1,"11":1,"12":1,"13":0,"14":0,"15":0,"16":1},"f":{"0":2,"1":0,"2":0},"b":{},"_coverageSchema":"43e27e138ebf9cfc5966b082cf9a028302ed4184","hash":"b04c98732f092d677083293f05dac66c74ceb01a"}
,"D:\\SoftwareDevelopment\\BlogList\\models\\blog.js": {"path":"D:\\SoftwareDevelopment\\BlogList\\models\\blog.js","statementMap":{"0":{"start":{"line":1,"column":17},"end":{"line":1,"column":36}},"1":{"start":{"line":3,"column":19},"end":{"line":18,"column":2}},"2":{"start":{"line":20,"column":0},"end":{"line":26,"column":3}},"3":{"start":{"line":22,"column":8},"end":{"line":22,"column":58}},"4":{"start":{"line":23,"column":8},"end":{"line":23,"column":34}},"5":{"start":{"line":24,"column":8},"end":{"line":24,"column":34}},"6":{"start":{"line":28,"column":0},"end":{"line":28,"column":52}}},"fnMap":{"0":{"name":"(anonymous_0)","decl":{"start":{"line":21,"column":15},"end":{"line":21,"column":16}},"loc":{"start":{"line":21,"column":45},"end":{"line":25,"column":5}},"line":21}},"branchMap":{},"s":{"0":1,"1":1,"2":1,"3":10,"4":10,"5":10,"6":1},"f":{"0":10},"b":{},"_coverageSchema":"43e27e138ebf9cfc5966b082cf9a028302ed4184","hash":"017f25cd9d34cfe3c17b39e3fd1c06d6ae29fb80"}
,"D:\\SoftwareDevelopment\\BlogList\\models\\user.js": {"path":"D:\\SoftwareDevelopment\\BlogList\\models\\user.js","statementMap":{"0":{"start":{"line":1,"column":17},"end":{"line":1,"column":36}},"1":{"start":{"line":2,"column":24},"end":{"line":2,"column":60}},"2":{"start":{"line":4,"column":19},"end":{"line":17,"column":2}},"3":{"start":{"line":19,"column":0},"end":{"line":19,"column":35}},"4":{"start":{"line":21,"column":0},"end":{"line":28,"column":3}},"5":{"start":{"line":23,"column":8},"end":{"line":23,"column":58}},"6":{"start":{"line":24,"column":8},"end":{"line":24,"column":34}},"7":{"start":{"line":25,"column":8},"end":{"line":25,"column":34}},"8":{"start":{"line":26,"column":8},"end":{"line":26,"column":43}},"9":{"start":{"line":30,"column":13},"end":{"line":30,"column":47}},"10":{"start":{"line":32,"column":0},"end":{"line":32,"column":22}}},"fnMap":{"0":{"name":"(anonymous_0)","decl":{"start":{"line":22,"column":15},"end":{"line":22,"column":16}},"loc":{"start":{"line":22,"column":45},"end":{"line":27,"column":5}},"line":22}},"branchMap":{},"s":{"0":1,"1":1,"2":1,"3":1,"4":1,"5":11,"6":11,"7":11,"8":11,"9":1,"10":1},"f":{"0":11},"b":{},"_coverageSchema":"43e27e138ebf9cfc5966b082cf9a028302ed4184","hash":"79fe73d1a4d80c1f69e385b3c4c586616ff857e2"}
,"D:\\SoftwareDevelopment\\BlogList\\tests\\test_helper.js": {"path":"D:\\SoftwareDevelopment\\BlogList\\tests\\test_helper.js","statementMap":{"0":{"start":{"line":1,"column":13},"end":{"line":1,"column":38}},"1":{"start":{"line":2,"column":13},"end":{"line":2,"column":38}},"2":{"start":{"line":4,"column":21},"end":{"line":17,"column":1}},"3":{"start":{"line":19,"column":22},"end":{"line":25,"column":1}},"4":{"start":{"line":20,"column":17},"end":{"line":20,"column":58}},"5":{"start":{"line":21,"column":4},"end":{"line":21,"column":22}},"6":{"start":{"line":22,"column":4},"end":{"line":22,"column":24}},"7":{"start":{"line":24,"column":4},"end":{"line":24,"column":31}},"8":{"start":{"line":27,"column":18},"end":{"line":30,"column":1}},"9":{"start":{"line":28,"column":18},"end":{"line":28,"column":37}},"10":{"start":{"line":29,"column":4},"end":{"line":29,"column":44}},"11":{"start":{"line":29,"column":29},"end":{"line":29,"column":42}},"12":{"start":{"line":32,"column":18},"end":{"line":35,"column":1}},"13":{"start":{"line":33,"column":18},"end":{"line":33,"column":37}},"14":{"start":{"line":34,"column":4},"end":{"line":34,"column":38}},"15":{"start":{"line":34,"column":26},"end":{"line":34,"column":36}},"16":{"start":{"line":37,"column":0},"end":{"line":39,"column":2}}},"fnMap":{"0":{"name":"(anonymous_0)","decl":{"start":{"line":19,"column":22},"end":{"line":19,"column":23}},"loc":{"start":{"line":19,"column":34},"end":{"line":25,"column":1}},"line":19},"1":{"name":"(anonymous_1)","decl":{"start":{"line":27,"column":18},"end":{"line":27,"column":19}},"loc":{"start":{"line":27,"column":30},"end":{"line":30,"column":1}},"line":27},"2":{"name":"(anonymous_2)","decl":{"start":{"line":29,"column":21},"end":{"line":29,"column":22}},"loc":{"start":{"line":29,"column":29},"end":{"line":29,"column":42}},"line":29},"3":{"name":"(anonymous_3)","decl":{"start":{"line":32,"column":18},"end":{"line":32,"column":19}},"loc":{"start":{"line":32,"column":30},"end":{"line":35,"column":1}},"line":32},"4":{"name":"(anonymous_4)","decl":{"start":{"line":34,"column":21},"end":{"line":34,"column":22}},"loc":{"start":{"line":34,"column":26},"end":{"line":34,"column":36}},"line":34}},"branchMap":{},"s":{"0":1,"1":1,"2":1,"3":1,"4":0,"5":0,"6":0,"7":0,"8":1,"9":3,"10":3,"11":5,"12":1,"13":9,"14":9,"15":10,"16":1},"f":{"0":0,"1":3,"2":5,"3":9,"4":10},"b":{},"_coverageSchema":"43e27e138ebf9cfc5966b082cf9a028302ed4184","hash":"352f1e52b51534072adfbca38b8b35e64e0b05bc"}
,"D:\\SoftwareDevelopment\\BlogList\\utils\\config.js": {"path":"D:\\SoftwareDevelopment\\BlogList\\utils\\config.js","statementMap":{"0":{"start":{"line":1,"column":0},"end":{"line":1,"column":27}},"1":{"start":{"line":3,"column":11},"end":{"line":3,"column":27}},"2":{"start":{"line":4,"column":18},"end":{"line":4,"column":41}},"3":{"start":{"line":6,"column":0},"end":{"line":8,"column":1}},"4":{"start":{"line":7,"column":4},"end":{"line":7,"column":47}},"5":{"start":{"line":10,"column":0},"end":{"line":13,"column":2}}},"fnMap":{},"branchMap":{"0":{"loc":{"start":{"line":6,"column":0},"end":{"line":8,"column":1}},"type":"if","locations":[{"start":{"line":6,"column":0},"end":{"line":8,"column":1}},{"start":{"line":6,"column":0},"end":{"line":8,"column":1}}],"line":6}},"s":{"0":1,"1":1,"2":1,"3":1,"4":1,"5":1},"f":{},"b":{"0":[1,0]},"_coverageSchema":"43e27e138ebf9cfc5966b082cf9a028302ed4184","hash":"e890876603cf34bfdeb53c4928597419318efe17"}
,"D:\\SoftwareDevelopment\\BlogList\\utils\\list_helper.js": {"path":"D:\\SoftwareDevelopment\\BlogList\\utils\\list_helper.js","statementMap":{"0":{"start":{"line":1,"column":14},"end":{"line":3,"column":1}},"1":{"start":{"line":2,"column":4},"end":{"line":2,"column":13}},"2":{"start":{"line":5,"column":19},"end":{"line":11,"column":1}},"3":{"start":{"line":6,"column":20},"end":{"line":8,"column":5}},"4":{"start":{"line":7,"column":8},"end":{"line":7,"column":26}},"5":{"start":{"line":10,"column":4},"end":{"line":10,"column":60}},"6":{"start":{"line":10,"column":29},"end":{"line":10,"column":39}},"7":{"start":{"line":13,"column":21},"end":{"line":18,"column":1}},"8":{"start":{"line":14,"column":21},"end":{"line":16,"column":41}},"9":{"start":{"line":15,"column":21},"end":{"line":15,"column":31}},"10":{"start":{"line":16,"column":26},"end":{"line":16,"column":40}},"11":{"start":{"line":17,"column":4},"end":{"line":17,"column":60}},"12":{"start":{"line":17,"column":32},"end":{"line":17,"column":55}},"13":{"start":{"line":20,"column":0},"end":{"line":24,"column":2}}},"fnMap":{"0":{"name":"(anonymous_0)","decl":{"start":{"line":1,"column":14},"end":{"line":1,"column":15}},"loc":{"start":{"line":1,"column":25},"end":{"line":3,"column":1}},"line":1},"1":{"name":"(anonymous_1)","decl":{"start":{"line":5,"column":19},"end":{"line":5,"column":20}},"loc":{"start":{"line":5,"column":30},"end":{"line":11,"column":1}},"line":5},"2":{"name":"(anonymous_2)","decl":{"start":{"line":6,"column":20},"end":{"line":6,"column":21}},"loc":{"start":{"line":6,"column":35},"end":{"line":8,"column":5}},"line":6},"3":{"name":"(anonymous_3)","decl":{"start":{"line":10,"column":21},"end":{"line":10,"column":22}},"loc":{"start":{"line":10,"column":29},"end":{"line":10,"column":39}},"line":10},"4":{"name":"(anonymous_4)","decl":{"start":{"line":13,"column":21},"end":{"line":13,"column":22}},"loc":{"start":{"line":13,"column":32},"end":{"line":18,"column":1}},"line":13},"5":{"name":"(anonymous_5)","decl":{"start":{"line":15,"column":13},"end":{"line":15,"column":14}},"loc":{"start":{"line":15,"column":21},"end":{"line":15,"column":31}},"line":15},"6":{"name":"(anonymous_6)","decl":{"start":{"line":16,"column":16},"end":{"line":16,"column":17}},"loc":{"start":{"line":16,"column":26},"end":{"line":16,"column":40}},"line":16},"7":{"name":"(anonymous_7)","decl":{"start":{"line":17,"column":24},"end":{"line":17,"column":25}},"loc":{"start":{"line":17,"column":32},"end":{"line":17,"column":55}},"line":17}},"branchMap":{},"s":{"0":3,"1":1,"2":3,"3":3,"4":4,"5":3,"6":4,"7":3,"8":3,"9":7,"10":4,"11":3,"12":7,"13":3},"f":{"0":1,"1":3,"2":4,"3":4,"4":3,"5":7,"6":4,"7":7},"b":{},"_coverageSchema":"43e27e138ebf9cfc5966b082cf9a028302ed4184","hash":"77bddc1b502845f3d5161778ae3ead57e28cd216"}
,"D:\\SoftwareDevelopment\\BlogList\\utils\\logger.js": {"path":"D:\\SoftwareDevelopment\\BlogList\\utils\\logger.js","statementMap":{"0":{"start":{"line":1,"column":13},"end":{"line":5,"column":1}},"1":{"start":{"line":2,"column":4},"end":{"line":4,"column":5}},"2":{"start":{"line":3,"column":8},"end":{"line":3,"column":31}},"3":{"start":{"line":7,"column":14},"end":{"line":9,"column":1}},"4":{"start":{"line":8,"column":4},"end":{"line":8,"column":27}},"5":{"start":{"line":11,"column":0},"end":{"line":13,"column":2}}},"fnMap":{"0":{"name":"(anonymous_0)","decl":{"start":{"line":1,"column":13},"end":{"line":1,"column":14}},"loc":{"start":{"line":1,"column":28},"end":{"line":5,"column":1}},"line":1},"1":{"name":"(anonymous_1)","decl":{"start":{"line":7,"column":14},"end":{"line":7,"column":15}},"loc":{"start":{"line":7,"column":29},"end":{"line":9,"column":1}},"line":7}},"branchMap":{"0":{"loc":{"start":{"line":2,"column":4},"end":{"line":4,"column":5}},"type":"if","locations":[{"start":{"line":2,"column":4},"end":{"line":4,"column":5}},{"start":{"line":2,"column":4},"end":{"line":4,"column":5}}],"line":2}},"s":{"0":1,"1":26,"2":0,"3":1,"4":1,"5":1},"f":{"0":26,"1":1},"b":{"0":[0,26]},"_coverageSchema":"43e27e138ebf9cfc5966b082cf9a028302ed4184","hash":"41977c440a9e0c203aa783a71cf4845984c1d888"}
,"D:\\SoftwareDevelopment\\BlogList\\utils\\middleware.js": {"path":"D:\\SoftwareDevelopment\\BlogList\\utils\\middleware.js","statementMap":{"0":{"start":{"line":1,"column":15},"end":{"line":1,"column":34}},"1":{"start":{"line":3,"column":22},"end":{"line":9,"column":1}},"2":{"start":{"line":4,"column":4},"end":{"line":4,"column":43}},"3":{"start":{"line":5,"column":4},"end":{"line":5,"column":41}},"4":{"start":{"line":6,"column":4},"end":{"line":6,"column":41}},"5":{"start":{"line":7,"column":4},"end":{"line":7,"column":23}},"6":{"start":{"line":8,"column":4},"end":{"line":8,"column":11}},"7":{"start":{"line":11,"column":24},"end":{"line":13,"column":1}},"8":{"start":{"line":12,"column":4},"end":{"line":12,"column":61}},"9":{"start":{"line":15,"column":21},"end":{"line":29,"column":1}},"10":{"start":{"line":16,"column":4},"end":{"line":16,"column":32}},"11":{"start":{"line":18,"column":4},"end":{"line":26,"column":5}},"12":{"start":{"line":19,"column":8},"end":{"line":19,"column":71}},"13":{"start":{"line":20,"column":11},"end":{"line":26,"column":5}},"14":{"start":{"line":21,"column":8},"end":{"line":21,"column":67}},"15":{"start":{"line":22,"column":11},"end":{"line":26,"column":5}},"16":{"start":{"line":23,"column":8},"end":{"line":25,"column":11}},"17":{"start":{"line":28,"column":4},"end":{"line":28,"column":16}},"18":{"start":{"line":31,"column":0},"end":{"line":35,"column":2}}},"fnMap":{"0":{"name":"(anonymous_0)","decl":{"start":{"line":3,"column":22},"end":{"line":3,"column":23}},"loc":{"start":{"line":3,"column":51},"end":{"line":9,"column":1}},"line":3},"1":{"name":"(anonymous_1)","decl":{"start":{"line":11,"column":24},"end":{"line":11,"column":25}},"loc":{"start":{"line":11,"column":47},"end":{"line":13,"column":1}},"line":11},"2":{"name":"(anonymous_2)","decl":{"start":{"line":15,"column":21},"end":{"line":15,"column":22}},"loc":{"start":{"line":15,"column":57},"end":{"line":29,"column":1}},"line":15}},"branchMap":{"0":{"loc":{"start":{"line":18,"column":4},"end":{"line":26,"column":5}},"type":"if","locations":[{"start":{"line":18,"column":4},"end":{"line":26,"column":5}},{"start":{"line":18,"column":4},"end":{"line":26,"column":5}}],"line":18},"1":{"loc":{"start":{"line":18,"column":8},"end":{"line":18,"column":63}},"type":"binary-expr","locations":[{"start":{"line":18,"column":8},"end":{"line":18,"column":34}},{"start":{"line":18,"column":38},"end":{"line":18,"column":63}}],"line":18},"2":{"loc":{"start":{"line":20,"column":11},"end":{"line":26,"column":5}},"type":"if","locations":[{"start":{"line":20,"column":11},"end":{"line":26,"column":5}},{"start":{"line":20,"column":11},"end":{"line":26,"column":5}}],"line":20},"3":{"loc":{"start":{"line":22,"column":11},"end":{"line":26,"column":5}},"type":"if","locations":[{"start":{"line":22,"column":11},"end":{"line":26,"column":5}},{"start":{"line":22,"column":11},"end":{"line":26,"column":5}}],"line":22}},"s":{"0":1,"1":1,"2":6,"3":6,"4":6,"5":6,"6":6,"7":1,"8":0,"9":1,"10":1,"11":1,"12":0,"13":1,"14":1,"15":0,"16":0,"17":0,"18":1},"f":{"0":6,"1":0,"2":1},"b":{"0":[0,1],"1":[1,0],"2":[1,0],"3":[0,0]},"_coverageSchema":"43e27e138ebf9cfc5966b082cf9a028302ed4184","hash":"2f9092b164d167d4eb6f21b11b375ef1e1cfcf8f"}
}
