TN:
SF:D:\SoftwareDevelopment\BlogList\app.js
FN:16,(anonymous_0)
FN:18,(anonymous_1)
FNF:2
FNH:1
FNDA:1,(anonymous_0)
FNDA:0,(anonymous_1)
DA:1,1
DA:2,1
DA:3,1
DA:4,1
DA:5,1
DA:6,1
DA:7,1
DA:8,1
DA:9,1
DA:10,1
DA:11,1
DA:13,1
DA:15,1
DA:17,1
DA:19,0
DA:21,1
DA:22,1
DA:23,1
DA:24,1
DA:25,1
DA:26,1
DA:27,1
DA:28,1
DA:30,1
LF:24
LH:23
BRF:0
BRH:0
end_of_record
TN:
SF:D:\SoftwareDevelopment\BlogList\controllers\blogs.js
FN:6,(anonymous_0)
FN:14,(anonymous_1)
FN:18,(anonymous_2)
FN:21,(anonymous_3)
FN:51,(anonymous_4)
FN:60,(anonymous_5)
FNF:6
FNH:4
FNDA:0,(anonymous_0)
FNDA:2,(anonymous_1)
FNDA:4,(anonymous_2)
FNDA:0,(anonymous_3)
FNDA:1,(anonymous_4)
FNDA:1,(anonymous_5)
DA:1,1
DA:2,1
DA:3,1
DA:4,1
DA:6,1
DA:7,0
DA:8,0
DA:9,0
DA:11,0
DA:14,1
DA:15,2
DA:18,4
DA:21,1
DA:22,0
DA:24,0
DA:26,0
DA:27,0
DA:28,0
DA:29,0
DA:32,0
DA:34,0
DA:42,0
DA:43,0
DA:44,0
DA:45,0
DA:47,0
DA:51,1
DA:52,1
DA:53,1
DA:54,1
DA:56,0
DA:60,1
DA:61,1
DA:63,1
DA:70,1
DA:71,1
DA:72,1
DA:74,0
DA:78,1
LF:39
LH:20
BRDA:8,0,0,0
BRDA:8,0,1,0
BRDA:8,1,0,0
BRDA:8,1,1,0
BRDA:28,2,0,0
BRDA:28,2,1,0
BRDA:28,3,0,0
BRDA:28,3,1,0
BRDA:38,4,0,0
BRDA:38,4,1,0
BRDA:67,5,0,0
BRDA:67,5,1,1
BRF:12
BRH:1
end_of_record
TN:
SF:D:\SoftwareDevelopment\BlogList\controllers\login.js
FN:6,(anonymous_0)
FNF:1
FNH:0
FNDA:0,(anonymous_0)
DA:1,1
DA:2,1
DA:3,1
DA:4,1
DA:6,1
DA:7,0
DA:9,0
DA:10,0
DA:14,0
DA:15,0
DA:20,0
DA:25,0
DA:27,0
DA:32,1
LF:14
LH:6
BRDA:10,0,0,0
BRDA:10,0,1,0
BRDA:14,1,0,0
BRDA:14,1,1,0
BRDA:14,2,0,0
BRDA:14,2,1,0
BRF:6
BRH:0
end_of_record
TN:
SF:D:\SoftwareDevelopment\BlogList\controllers\users.js
FN:5,(anonymous_0)
FN:26,(anonymous_1)
FN:30,(anonymous_2)
FNF:3
FNH:1
FNDA:2,(anonymous_0)
FNDA:0,(anonymous_1)
FNDA:0,(anonymous_2)
DA:1,1
DA:2,1
DA:3,1
DA:5,1
DA:6,2
DA:7,2
DA:9,2
DA:10,2
DA:12,2
DA:18,2
DA:20,1
DA:22,1
DA:26,1
DA:27,0
DA:30,0
DA:33,1
LF:16
LH:14
BRF:0
BRH:0
end_of_record
TN:
SF:D:\SoftwareDevelopment\BlogList\models\blog.js
FN:21,(anonymous_0)
FNF:1
FNH:1
FNDA:10,(anonymous_0)
DA:1,1
DA:3,1
DA:20,1
DA:22,10
DA:23,10
DA:24,10
DA:28,1
LF:7
LH:7
BRF:0
BRH:0
end_of_record
TN:
SF:D:\SoftwareDevelopment\BlogList\models\user.js
FN:22,(anonymous_0)
FNF:1
FNH:1
FNDA:11,(anonymous_0)
DA:1,1
DA:2,1
DA:4,1
DA:19,1
DA:21,1
DA:23,11
DA:24,11
DA:25,11
DA:26,11
DA:30,1
DA:32,1
LF:11
LH:11
BRF:0
BRH:0
end_of_record
TN:
SF:D:\SoftwareDevelopment\BlogList\tests\test_helper.js
FN:19,(anonymous_0)
FN:27,(anonymous_1)
FN:29,(anonymous_2)
FN:32,(anonymous_3)
FN:34,(anonymous_4)
FNF:5
FNH:4
FNDA:0,(anonymous_0)
FNDA:3,(anonymous_1)
FNDA:5,(anonymous_2)
FNDA:9,(anonymous_3)
FNDA:10,(anonymous_4)
DA:1,1
DA:2,1
DA:4,1
DA:19,1
DA:20,0
DA:21,0
DA:22,0
DA:24,0
DA:27,1
DA:28,3
DA:29,5
DA:32,1
DA:33,9
DA:34,10
DA:37,1
LF:15
LH:11
BRF:0
BRH:0
end_of_record
TN:
SF:D:\SoftwareDevelopment\BlogList\utils\config.js
FNF:0
FNH:0
DA:1,1
DA:3,1
DA:4,1
DA:6,1
DA:7,1
DA:10,1
LF:6
LH:6
BRDA:6,0,0,1
BRDA:6,0,1,0
BRF:2
BRH:1
end_of_record
TN:
SF:D:\SoftwareDevelopment\BlogList\utils\list_helper.js
FN:1,(anonymous_0)
FN:5,(anonymous_1)
FN:6,(anonymous_2)
FN:10,(anonymous_3)
FN:13,(anonymous_4)
FN:15,(anonymous_5)
FN:16,(anonymous_6)
FN:17,(anonymous_7)
FNF:8
FNH:8
FNDA:1,(anonymous_0)
FNDA:3,(anonymous_1)
FNDA:4,(anonymous_2)
FNDA:4,(anonymous_3)
FNDA:3,(anonymous_4)
FNDA:7,(anonymous_5)
FNDA:4,(anonymous_6)
FNDA:7,(anonymous_7)
DA:1,3
DA:2,1
DA:5,3
DA:6,3
DA:7,4
DA:10,4
DA:13,3
DA:14,3
DA:15,7
DA:16,4
DA:17,7
DA:20,3
LF:12
LH:12
BRF:0
BRH:0
end_of_record
TN:
SF:D:\SoftwareDevelopment\BlogList\utils\logger.js
FN:1,(anonymous_0)
FN:7,(anonymous_1)
FNF:2
FNH:2
FNDA:26,(anonymous_0)
FNDA:1,(anonymous_1)
DA:1,1
DA:2,26
DA:3,0
DA:7,1
DA:8,1
DA:11,1
LF:6
LH:5
BRDA:2,0,0,0
BRDA:2,0,1,26
BRF:2
BRH:1
end_of_record
TN:
SF:D:\SoftwareDevelopment\BlogList\utils\middleware.js
FN:3,(anonymous_0)
FN:11,(anonymous_1)
FN:15,(anonymous_2)
FNF:3
FNH:2
FNDA:6,(anonymous_0)
FNDA:0,(anonymous_1)
FNDA:1,(anonymous_2)
DA:1,1
DA:3,1
DA:4,6
DA:5,6
DA:6,6
DA:7,6
DA:8,6
DA:11,1
DA:12,0
DA:15,1
DA:16,1
DA:18,1
DA:19,0
DA:20,1
DA:21,1
DA:22,0
DA:23,0
DA:28,0
DA:31,1
LF:19
LH:14
BRDA:18,0,0,0
BRDA:18,0,1,1
BRDA:18,1,0,1
BRDA:18,1,1,0
BRDA:20,2,0,1
BRDA:20,2,1,0
BRDA:22,3,0,0
BRDA:22,3,1,0
BRF:8
BRH:3
end_of_record
